[ERROR] [2017-09-13 11:37:22] org.springframework.web.servlet.FrameworkServlet.initServletBean(497) | Context initialization failed
org.springframework.beans.factory.BeanCreationException: Error creating bean with name 'testController': Injection of autowired dependencies failed; nested exception is org.springframework.beans.factory.BeanCreationException: Could not autowire field: private com.wugz.app.base.service.ISusrService com.wugz.api.controller.TestController.susr; nested exception is org.springframework.beans.factory.BeanCreationException: Error creating bean with name 'susrService': FactoryBean threw exception on object creation; nested exception is java.lang.IllegalStateException: Failed to check the status of the service com.wugz.app.base.service.ISusrService. No provider available for the service com.wugz.app.base.service.ISusrService from the url zookeeper://127.0.0.1:2181/com.alibaba.dubbo.registry.RegistryService?application=wugz-app-web&default.cluster=failfast&default.timeout=1000000&dubbo=2.5.3&interface=com.wugz.app.base.service.ISusrService&methods=selectOneByObject&pid=14088&side=consumer&timestamp=1505273841945 to the consumer 10.10.7.69 use dubbo version 2.5.3
	at org.springframework.beans.factory.annotation.AutowiredAnnotationBeanPostProcessor.postProcessPropertyValues(AutowiredAnnotationBeanPostProcessor.java:334)
	at org.springframework.beans.factory.support.AbstractAutowireCapableBeanFactory.populateBean(AbstractAutowireCapableBeanFactory.java:1202)
	at org.springframework.beans.factory.support.AbstractAutowireCapableBeanFactory.doCreateBean(AbstractAutowireCapableBeanFactory.java:537)
	at org.springframework.beans.factory.support.AbstractAutowireCapableBeanFactory.createBean(AbstractAutowireCapableBeanFactory.java:476)
	at org.springframework.beans.factory.support.AbstractBeanFactory$1.getObject(AbstractBeanFactory.java:303)
	at org.springframework.beans.factory.support.DefaultSingletonBeanRegistry.getSingleton(DefaultSingletonBeanRegistry.java:230)
	at org.springframework.beans.factory.support.AbstractBeanFactory.doGetBean(AbstractBeanFactory.java:299)
	at org.springframework.beans.factory.support.AbstractBeanFactory.getBean(AbstractBeanFactory.java:194)
	at org.springframework.beans.factory.support.DefaultListableBeanFactory.preInstantiateSingletons(DefaultListableBeanFactory.java:762)
	at org.springframework.context.support.AbstractApplicationContext.finishBeanFactoryInitialization(AbstractApplicationContext.java:757)
	at org.springframework.context.support.AbstractApplicationContext.refresh(AbstractApplicationContext.java:480)
	at org.springframework.web.servlet.FrameworkServlet.configureAndRefreshWebApplicationContext(FrameworkServlet.java:663)
	at org.springframework.web.servlet.FrameworkServlet.createWebApplicationContext(FrameworkServlet.java:629)
	at org.springframework.web.servlet.FrameworkServlet.createWebApplicationContext(FrameworkServlet.java:677)
	at org.springframework.web.servlet.FrameworkServlet.initWebApplicationContext(FrameworkServlet.java:548)
	at org.springframework.web.servlet.FrameworkServlet.initServletBean(FrameworkServlet.java:489)
	at org.springframework.web.servlet.HttpServletBean.init(HttpServletBean.java:136)
	at javax.servlet.GenericServlet.init(GenericServlet.java:241)
	at org.mortbay.jetty.servlet.ServletHolder.initServlet(ServletHolder.java:440)
	at org.mortbay.jetty.servlet.ServletHolder.doStart(ServletHolder.java:263)
	at org.mortbay.component.AbstractLifeCycle.start(AbstractLifeCycle.java:50)
	at org.mortbay.jetty.servlet.ServletHandler.initialize(ServletHandler.java:736)
	at org.mortbay.jetty.servlet.Context.startContext(Context.java:140)
	at org.mortbay.jetty.webapp.WebAppContext.startContext(WebAppContext.java:1282)
	at org.mortbay.jetty.handler.ContextHandler.doStart(ContextHandler.java:518)
	at org.mortbay.jetty.webapp.WebAppContext.doStart(WebAppContext.java:499)
	at org.mortbay.component.AbstractLifeCycle.start(AbstractLifeCycle.java:50)
	at org.mortbay.jetty.handler.HandlerWrapper.doStart(HandlerWrapper.java:130)
	at org.mortbay.jetty.Server.doStart(Server.java:224)
	at org.mortbay.component.AbstractLifeCycle.start(AbstractLifeCycle.java:50)
	at runjettyrun.Bootstrap.main(Bootstrap.java:97)
Caused by: org.springframework.beans.factory.BeanCreationException: Could not autowire field: private com.wugz.app.base.service.ISusrService com.wugz.api.controller.TestController.susr; nested exception is org.springframework.beans.factory.BeanCreationException: Error creating bean with name 'susrService': FactoryBean threw exception on object creation; nested exception is java.lang.IllegalStateException: Failed to check the status of the service com.wugz.app.base.service.ISusrService. No provider available for the service com.wugz.app.base.service.ISusrService from the url zookeeper://127.0.0.1:2181/com.alibaba.dubbo.registry.RegistryService?application=wugz-app-web&default.cluster=failfast&default.timeout=1000000&dubbo=2.5.3&interface=com.wugz.app.base.service.ISusrService&methods=selectOneByObject&pid=14088&side=consumer&timestamp=1505273841945 to the consumer 10.10.7.69 use dubbo version 2.5.3
	at org.springframework.beans.factory.annotation.AutowiredAnnotationBeanPostProcessor$AutowiredFieldElement.inject(AutowiredAnnotationBeanPostProcessor.java:561)
	at org.springframework.beans.factory.annotation.InjectionMetadata.inject(InjectionMetadata.java:88)
	at org.springframework.beans.factory.annotation.AutowiredAnnotationBeanPostProcessor.postProcessPropertyValues(AutowiredAnnotationBeanPostProcessor.java:331)
	... 30 more
Caused by: org.springframework.beans.factory.BeanCreationException: Error creating bean with name 'susrService': FactoryBean threw exception on object creation; nested exception is java.lang.IllegalStateException: Failed to check the status of the service com.wugz.app.base.service.ISusrService. No provider available for the service com.wugz.app.base.service.ISusrService from the url zookeeper://127.0.0.1:2181/com.alibaba.dubbo.registry.RegistryService?application=wugz-app-web&default.cluster=failfast&default.timeout=1000000&dubbo=2.5.3&interface=com.wugz.app.base.service.ISusrService&methods=selectOneByObject&pid=14088&side=consumer&timestamp=1505273841945 to the consumer 10.10.7.69 use dubbo version 2.5.3
	at org.springframework.beans.factory.support.FactoryBeanRegistrySupport.doGetObjectFromFactoryBean(FactoryBeanRegistrySupport.java:175)
	at org.springframework.beans.factory.support.FactoryBeanRegistrySupport.getObjectFromFactoryBean(FactoryBeanRegistrySupport.java:103)
	at org.springframework.beans.factory.support.AbstractBeanFactory.getObjectForBeanInstance(AbstractBeanFactory.java:1517)
	at org.springframework.beans.factory.support.AbstractBeanFactory.doGetBean(AbstractBeanFactory.java:251)
	at org.springframework.beans.factory.support.AbstractBeanFactory.getBean(AbstractBeanFactory.java:199)
	at org.springframework.beans.factory.support.AbstractBeanFactory.doGetBean(AbstractBeanFactory.java:272)
	at org.springframework.beans.factory.support.AbstractBeanFactory.getBean(AbstractBeanFactory.java:194)
	at org.springframework.beans.factory.support.DefaultListableBeanFactory.findAutowireCandidates(DefaultListableBeanFactory.java:1127)
	at org.springframework.beans.factory.support.DefaultListableBeanFactory.doResolveDependency(DefaultListableBeanFactory.java:1051)
	at org.springframework.beans.factory.support.DefaultListableBeanFactory.resolveDependency(DefaultListableBeanFactory.java:949)
	at org.springframework.beans.factory.annotation.AutowiredAnnotationBeanPostProcessor$AutowiredFieldElement.inject(AutowiredAnnotationBeanPostProcessor.java:533)
	... 32 more
Caused by: java.lang.IllegalStateException: Failed to check the status of the service com.wugz.app.base.service.ISusrService. No provider available for the service com.wugz.app.base.service.ISusrService from the url zookeeper://127.0.0.1:2181/com.alibaba.dubbo.registry.RegistryService?application=wugz-app-web&default.cluster=failfast&default.timeout=1000000&dubbo=2.5.3&interface=com.wugz.app.base.service.ISusrService&methods=selectOneByObject&pid=14088&side=consumer&timestamp=1505273841945 to the consumer 10.10.7.69 use dubbo version 2.5.3
	at com.alibaba.dubbo.config.ReferenceConfig.createProxy(ReferenceConfig.java:420)
	at com.alibaba.dubbo.config.ReferenceConfig.init(ReferenceConfig.java:300)
	at com.alibaba.dubbo.config.ReferenceConfig.get(ReferenceConfig.java:138)
	at com.alibaba.dubbo.config.spring.ReferenceBean.getObject(ReferenceBean.java:65)
	at org.springframework.beans.factory.support.FactoryBeanRegistrySupport.doGetObjectFromFactoryBean(FactoryBeanRegistrySupport.java:168)
	... 42 more
